<?xml version="1.0" encoding="UTF-8"?>
<!-- Generated by org.testng.reporters.JUnitXMLReporter -->
<testsuite ignored="0" hostname="DESKTOP-5Q078GF" failures="0" tests="1" name="Contact Test" time="0.059" errors="0" timestamp="2022-06-14T17:22:36 IST">
  <testcase classname="Generic_Utility.BaseClass" name="@BeforeClass bc" time="-1.655207556315E9">
    <failure type="org.testng.TestNGException" message="
Parameter &amp;apos;Browser&amp;apos; is required by BeforeClass on method bc but has not been marked @Optional or defined
in E:\Eclipse Workspaces\Selenium Workspaces\Workspace1\CareINN\testng.xml">
      <![CDATA[org.testng.TestNGException: 
Parameter 'Browser' is required by BeforeClass on method bc but has not been marked @Optional or defined
in E:\Eclipse Workspaces\Selenium Workspaces\Workspace1\CareINN\testng.xml
at java.base/java.util.ArrayList.forEach(ArrayList.java:1511)
... Removed 22 stack frames]]>
    </failure>
  </testcase> <!-- @BeforeClass bc -->
  <testcase classname="Generic_Utility.BaseClass" name="@BeforeMethod bm" time="-1.655207556337E9">
    <skipped/>
  </testcase> <!-- @BeforeMethod bm -->
  <testcase classname="Generic_Utility.BaseClass" name="@AfterMethod am" time="-1.655207556346E9">
    <skipped/>
  </testcase> <!-- @AfterMethod am -->
  <testcase classname="Generic_Utility.BaseClass" name="@AfterClass ac" time="-1.65520755635E9">
    <skipped/>
  </testcase> <!-- @AfterClass ac -->
  <testcase classname="com.crm.comcast.contactTest.CreateContact" name="Contactcreation" time="0.0">
    <skipped/>
  </testcase> <!-- Contactcreation -->
</testsuite> <!-- Contact Test -->
