<?xml version="1.0" encoding="UTF-8"?>
<!-- Generated by org.testng.reporters.JUnitXMLReporter -->
<testsuite ignored="0" hostname="DESKTOP-5Q078GF" failures="0" tests="1" name="test2" time="0.115" errors="0" timestamp="2022-06-11T09:53:49 IST">
  <testcase classname="Generic_Utility.BaseClass" name="@BeforeClass bc" time="-1.654921428876E9">
    <failure type="org.testng.TestNGException" message="
Parameter &amp;apos;Browser&amp;apos; is required by BeforeClass on method bc but has not been marked @Optional or defined
in E:\Eclipse Workspaces\Selenium Workspaces\Workspace1\CareINN\ditributedParallel_Executiontestng.xml">
      <![CDATA[org.testng.TestNGException: 
Parameter 'Browser' is required by BeforeClass on method bc but has not been marked @Optional or defined
in E:\Eclipse Workspaces\Selenium Workspaces\Workspace1\CareINN\ditributedParallel_Executiontestng.xml
at java.base/java.util.ArrayList.forEach(ArrayList.java:1511)
at java.base/java.util.concurrent.FutureTask.run(FutureTask.java:264)
at java.base/java.util.concurrent.ThreadPoolExecutor.runWorker(ThreadPoolExecutor.java:1130)
at java.base/java.util.concurrent.ThreadPoolExecutor$Worker.run(ThreadPoolExecutor.java:630)
at java.base/java.lang.Thread.run(Thread.java:831)
... Removed 13 stack frames]]>
    </failure>
  </testcase> <!-- @BeforeClass bc -->
  <testcase classname="Generic_Utility.BaseClass" name="@BeforeMethod bm" time="-1.654921428906E9">
    <skipped/>
  </testcase> <!-- @BeforeMethod bm -->
  <testcase classname="Generic_Utility.BaseClass" name="@AfterMethod am" time="-1.654921428954E9">
    <skipped/>
  </testcase> <!-- @AfterMethod am -->
  <testcase classname="Generic_Utility.BaseClass" name="@AfterClass ac" time="-1.654921428958E9">
    <skipped/>
  </testcase> <!-- @AfterClass ac -->
  <testcase classname="com.crm.comcast.contactTest.DeleteContactTest" name="deleteContact" time="0.0">
    <skipped/>
  </testcase> <!-- deleteContact -->
</testsuite> <!-- test2 -->
