<?xml version="1.0" encoding="UTF-8"?>
<testng-results ignored="0" total="1" passed="0" failed="0" skipped="1">
  <reporter-output>
  </reporter-output>
  <suite started-at="2022-06-14T17:22:36 IST" name="Suite" finished-at="2022-06-14T17:22:36 IST" duration-ms="59">
    <groups>
    </groups>
    <test started-at="2022-06-14T17:22:36 IST" name="Contact Test" finished-at="2022-06-14T17:22:36 IST" duration-ms="59">
      <class name="com.crm.comcast.contactTest.CreateContact">
        <test-method is-config="true" signature="beforesuite()[pri:0, instance:com.crm.comcast.contactTest.CreateContact@17497425]" started-at="2022-06-14T17:22:36 IST" name="beforesuite" finished-at="2022-06-14T17:22:36 IST" duration-ms="6" status="PASS">
          <reporter-output>
          </reporter-output>
        </test-method> <!-- beforesuite -->
        <test-method is-config="true" signature="bt()[pri:0, instance:com.crm.comcast.contactTest.CreateContact@17497425]" started-at="2022-06-14T17:22:36 IST" name="bt" finished-at="2022-06-14T17:22:36 IST" duration-ms="1" status="PASS">
          <reporter-output>
          </reporter-output>
        </test-method> <!-- bt -->
        <test-method is-config="true" signature="bc(java.lang.String)[pri:0, instance:com.crm.comcast.contactTest.CreateContact@17497425]" started-at="2022-06-14T17:22:36 IST" name="bc" finished-at="1970-01-01T05:30:00 IST" duration-ms="-1655207556315" status="FAIL">
          <exception class="org.testng.TestNGException">
            <message>
              <![CDATA[
Parameter 'Browser' is required by BeforeClass on method bc but has not been marked @Optional or defined
in E:\Eclipse Workspaces\Selenium Workspaces\Workspace1\CareINN\testng.xml]]>
            </message>
            <full-stacktrace>
              <![CDATA[org.testng.TestNGException: 
Parameter 'Browser' is required by BeforeClass on method bc but has not been marked @Optional or defined
in E:\Eclipse Workspaces\Selenium Workspaces\Workspace1\CareINN\testng.xml
at org.testng.internal.Parameters.createParams(Parameters.java:270)
at org.testng.internal.Parameters.createParametersForMethod(Parameters.java:358)
at org.testng.internal.Parameters.createParameters(Parameters.java:700)
at org.testng.internal.Parameters.createConfigurationParameters(Parameters.java:168)
at org.testng.internal.ConfigInvoker.invokeConfigurations(ConfigInvoker.java:302)
at org.testng.internal.TestMethodWorker.invokeBeforeClassMethods(TestMethodWorker.java:176)
at org.testng.internal.TestMethodWorker.run(TestMethodWorker.java:122)
at java.base/java.util.ArrayList.forEach(ArrayList.java:1511)
at org.testng.TestRunner.privateRun(TestRunner.java:794)
at org.testng.TestRunner.run(TestRunner.java:596)
at org.testng.SuiteRunner.runTest(SuiteRunner.java:377)
at org.testng.SuiteRunner.runSequentially(SuiteRunner.java:371)
at org.testng.SuiteRunner.privateRun(SuiteRunner.java:332)
at org.testng.SuiteRunner.run(SuiteRunner.java:276)
at org.testng.SuiteRunnerWorker.runSuite(SuiteRunnerWorker.java:53)
at org.testng.SuiteRunnerWorker.run(SuiteRunnerWorker.java:96)
at org.testng.TestNG.runSuitesSequentially(TestNG.java:1212)
at org.testng.TestNG.runSuitesLocally(TestNG.java:1134)
at org.testng.TestNG.runSuites(TestNG.java:1063)
at org.testng.TestNG.run(TestNG.java:1031)
at org.testng.remote.AbstractRemoteTestNG.run(AbstractRemoteTestNG.java:115)
at org.testng.remote.RemoteTestNG.initAndRun(RemoteTestNG.java:251)
at org.testng.remote.RemoteTestNG.main(RemoteTestNG.java:77)
]]>
            </full-stacktrace>
          </exception> <!-- org.testng.TestNGException -->
          <reporter-output>
          </reporter-output>
        </test-method> <!-- bc -->
        <test-method is-config="true" signature="bm()[pri:0, instance:com.crm.comcast.contactTest.CreateContact@17497425]" started-at="2022-06-14T17:22:36 IST" name="bm" finished-at="1970-01-01T05:30:00 IST" duration-ms="-1655207556337" status="SKIP">
          <reporter-output>
          </reporter-output>
        </test-method> <!-- bm -->
        <test-method signature="Contactcreation()[pri:0, instance:com.crm.comcast.contactTest.CreateContact@17497425]" started-at="2022-06-14T17:22:36 IST" name="Contactcreation" finished-at="2022-06-14T17:22:36 IST" duration-ms="0" status="SKIP">
          <exception class="org.testng.TestNGException">
            <message>
              <![CDATA[
Parameter 'Browser' is required by BeforeClass on method bc but has not been marked @Optional or defined
in E:\Eclipse Workspaces\Selenium Workspaces\Workspace1\CareINN\testng.xml]]>
            </message>
            <full-stacktrace>
              <![CDATA[org.testng.TestNGException: 
Parameter 'Browser' is required by BeforeClass on method bc but has not been marked @Optional or defined
in E:\Eclipse Workspaces\Selenium Workspaces\Workspace1\CareINN\testng.xml
at org.testng.internal.Parameters.createParams(Parameters.java:270)
at org.testng.internal.Parameters.createParametersForMethod(Parameters.java:358)
at org.testng.internal.Parameters.createParameters(Parameters.java:700)
at org.testng.internal.Parameters.createConfigurationParameters(Parameters.java:168)
at org.testng.internal.ConfigInvoker.invokeConfigurations(ConfigInvoker.java:302)
at org.testng.internal.TestMethodWorker.invokeBeforeClassMethods(TestMethodWorker.java:176)
at org.testng.internal.TestMethodWorker.run(TestMethodWorker.java:122)
at java.base/java.util.ArrayList.forEach(ArrayList.java:1511)
at org.testng.TestRunner.privateRun(TestRunner.java:794)
at org.testng.TestRunner.run(TestRunner.java:596)
at org.testng.SuiteRunner.runTest(SuiteRunner.java:377)
at org.testng.SuiteRunner.runSequentially(SuiteRunner.java:371)
at org.testng.SuiteRunner.privateRun(SuiteRunner.java:332)
at org.testng.SuiteRunner.run(SuiteRunner.java:276)
at org.testng.SuiteRunnerWorker.runSuite(SuiteRunnerWorker.java:53)
at org.testng.SuiteRunnerWorker.run(SuiteRunnerWorker.java:96)
at org.testng.TestNG.runSuitesSequentially(TestNG.java:1212)
at org.testng.TestNG.runSuitesLocally(TestNG.java:1134)
at org.testng.TestNG.runSuites(TestNG.java:1063)
at org.testng.TestNG.run(TestNG.java:1031)
at org.testng.remote.AbstractRemoteTestNG.run(AbstractRemoteTestNG.java:115)
at org.testng.remote.RemoteTestNG.initAndRun(RemoteTestNG.java:251)
at org.testng.remote.RemoteTestNG.main(RemoteTestNG.java:77)
]]>
            </full-stacktrace>
          </exception> <!-- org.testng.TestNGException -->
          <reporter-output>
          </reporter-output>
        </test-method> <!-- Contactcreation -->
        <test-method is-config="true" signature="am()[pri:0, instance:com.crm.comcast.contactTest.CreateContact@17497425]" started-at="2022-06-14T17:22:36 IST" name="am" finished-at="1970-01-01T05:30:00 IST" duration-ms="-1655207556346" status="SKIP">
          <reporter-output>
          </reporter-output>
        </test-method> <!-- am -->
        <test-method is-config="true" signature="ac()[pri:0, instance:com.crm.comcast.contactTest.CreateContact@17497425]" started-at="2022-06-14T17:22:36 IST" name="ac" finished-at="1970-01-01T05:30:00 IST" duration-ms="-1655207556350" status="SKIP">
          <reporter-output>
          </reporter-output>
        </test-method> <!-- ac -->
        <test-method is-config="true" signature="at()[pri:0, instance:com.crm.comcast.contactTest.CreateContact@17497425]" started-at="2022-06-14T17:22:36 IST" name="at" finished-at="2022-06-14T17:22:36 IST" duration-ms="0" status="PASS">
          <reporter-output>
          </reporter-output>
        </test-method> <!-- at -->
        <test-method is-config="true" signature="as()[pri:0, instance:com.crm.comcast.contactTest.CreateContact@17497425]" started-at="2022-06-14T17:22:36 IST" name="as" finished-at="2022-06-14T17:22:36 IST" duration-ms="1" status="PASS">
          <reporter-output>
          </reporter-output>
        </test-method> <!-- as -->
      </class> <!-- com.crm.comcast.contactTest.CreateContact -->
    </test> <!-- Contact Test -->
  </suite> <!-- Suite -->
</testng-results>
